<?xml version="1.0" encoding="UTF-8"?>
<!-- Generated by org.testng.reporters.JUnitXMLReporter -->
<testsuite hostname="Oshins-MacBook-Pro.local" ignored="0" name="Test" tests="2" failures="0" timestamp="2020-09-25T00:51:44 IST" time="9.477" errors="0">
  <testcase name="readDataFromExcel" time="0.512" classname="com.WeatherTest.com.WeatherComparison.TC01_ValidationOfWeather"/>
  <testcase name="getApiResponse" time="8.739" classname="com.WeatherTest.com.WeatherComparison.TC01_ValidationOfWeather"/>
</testsuite> <!-- Test -->
